{"/Users/stanleychu/questions-answers/App.js": {"path":"/Users/stanleychu/questions-answers/App.js","statementMap":{"0":{"start":{"line":1,"column":16},"end":{"line":1,"column":34}},"1":{"start":{"line":2,"column":12},"end":{"line":2,"column":21}},"2":{"start":{"line":3,"column":19},"end":{"line":3,"column":45}},"3":{"start":{"line":4,"column":15},"end":{"line":4,"column":37}},"4":{"start":{"line":5,"column":13},"end":{"line":5,"column":28}},"5":{"start":{"line":8,"column":0},"end":{"line":8,"column":16}},"6":{"start":{"line":9,"column":0},"end":{"line":9,"column":48}},"7":{"start":{"line":11,"column":0},"end":{"line":11,"column":21}},"8":{"start":{"line":13,"column":0},"end":{"line":15,"column":3}},"9":{"start":{"line":14,"column":2},"end":{"line":14,"column":69}},"10":{"start":{"line":17,"column":0},"end":{"line":17,"column":21}}},"fnMap":{"0":{"name":"(anonymous_0)","decl":{"start":{"line":13,"column":17},"end":{"line":13,"column":18}},"loc":{"start":{"line":13,"column":23},"end":{"line":15,"column":1}},"line":13}},"branchMap":{},"s":{"0":1,"1":1,"2":1,"3":1,"4":1,"5":1,"6":1,"7":1,"8":1,"9":1,"10":1},"f":{"0":1},"b":{},"_coverageSchema":"1a1c01bbd47fc00a2c39e90264f33305004495a9","hash":"ba96bf47d21f40de77cb971e1c89be8c911d0b3f"}
,"/Users/stanleychu/questions-answers/PostgreSQL.js": {"path":"/Users/stanleychu/questions-answers/PostgreSQL.js","statementMap":{"0":{"start":{"line":1,"column":19},"end":{"line":1,"column":32}},"1":{"start":{"line":3,"column":15},"end":{"line":9,"column":2}},"2":{"start":{"line":11,"column":0},"end":{"line":17,"column":3}},"3":{"start":{"line":12,"column":2},"end":{"line":16,"column":3}},"4":{"start":{"line":13,"column":4},"end":{"line":13,"column":57}},"5":{"start":{"line":15,"column":4},"end":{"line":15,"column":62}},"6":{"start":{"line":19,"column":0},"end":{"line":19,"column":24}}},"fnMap":{"0":{"name":"(anonymous_0)","decl":{"start":{"line":11,"column":15},"end":{"line":11,"column":16}},"loc":{"start":{"line":11,"column":24},"end":{"line":17,"column":1}},"line":11}},"branchMap":{"0":{"loc":{"start":{"line":12,"column":2},"end":{"line":16,"column":3}},"type":"if","locations":[{"start":{"line":12,"column":2},"end":{"line":16,"column":3}},{"start":{"line":14,"column":9},"end":{"line":16,"column":3}}],"line":12}},"s":{"0":1,"1":1,"2":1,"3":1,"4":0,"5":1,"6":1},"f":{"0":1},"b":{"0":[0,1]},"_coverageSchema":"1a1c01bbd47fc00a2c39e90264f33305004495a9","hash":"d6d9619a1f9a3eef4449bdf6edd39f7a6f3d382d"}
,"/Users/stanleychu/questions-answers/Routes.js": {"path":"/Users/stanleychu/questions-answers/Routes.js","statementMap":{"0":{"start":{"line":1,"column":16},"end":{"line":1,"column":34}},"1":{"start":{"line":2,"column":19},"end":{"line":2,"column":45}},"2":{"start":{"line":4,"column":15},"end":{"line":4,"column":31}},"3":{"start":{"line":7,"column":0},"end":{"line":9,"column":3}},"4":{"start":{"line":8,"column":2},"end":{"line":8,"column":47}},"5":{"start":{"line":11,"column":0},"end":{"line":68,"column":3}},"6":{"start":{"line":12,"column":2},"end":{"line":12,"column":36}},"7":{"start":{"line":15,"column":19},"end":{"line":15,"column":39}},"8":{"start":{"line":16,"column":21},"end":{"line":16,"column":40}},"9":{"start":{"line":17,"column":22},"end":{"line":17,"column":42}},"10":{"start":{"line":19,"column":2},"end":{"line":67,"column":7}},"11":{"start":{"line":59,"column":6},"end":{"line":61,"column":7}},"12":{"start":{"line":60,"column":8},"end":{"line":60,"column":19}},"13":{"start":{"line":62,"column":6},"end":{"line":62,"column":69}},"14":{"start":{"line":63,"column":6},"end":{"line":63,"column":47}},"15":{"start":{"line":66,"column":6},"end":{"line":66,"column":23}},"16":{"start":{"line":70,"column":0},"end":{"line":113,"column":3}},"17":{"start":{"line":77,"column":20},"end":{"line":77,"column":42}},"18":{"start":{"line":80,"column":13},"end":{"line":80,"column":32}},"19":{"start":{"line":81,"column":14},"end":{"line":81,"column":34}},"20":{"start":{"line":83,"column":2},"end":{"line":112,"column":7}},"21":{"start":{"line":104,"column":6},"end":{"line":106,"column":7}},"22":{"start":{"line":105,"column":8},"end":{"line":105,"column":19}},"23":{"start":{"line":107,"column":6},"end":{"line":107,"column":50}},"24":{"start":{"line":108,"column":6},"end":{"line":108,"column":47}},"25":{"start":{"line":111,"column":6},"end":{"line":111,"column":23}},"26":{"start":{"line":115,"column":0},"end":{"line":163,"column":3}},"27":{"start":{"line":118,"column":19},"end":{"line":118,"column":46}},"28":{"start":{"line":120,"column":21},"end":{"line":120,"column":34}},"29":{"start":{"line":122,"column":13},"end":{"line":122,"column":23}},"30":{"start":{"line":123,"column":15},"end":{"line":123,"column":29}},"31":{"start":{"line":125,"column":15},"end":{"line":125,"column":28}},"32":{"start":{"line":126,"column":16},"end":{"line":126,"column":30}},"33":{"start":{"line":127,"column":19},"end":{"line":127,"column":20}},"34":{"start":{"line":128,"column":23},"end":{"line":128,"column":24}},"35":{"start":{"line":130,"column":2},"end":{"line":138,"column":4}},"36":{"start":{"line":149,"column":2},"end":{"line":162,"column":7}},"37":{"start":{"line":153,"column":6},"end":{"line":155,"column":7}},"38":{"start":{"line":154,"column":8},"end":{"line":154,"column":19}},"39":{"start":{"line":156,"column":6},"end":{"line":156,"column":49}},"40":{"start":{"line":157,"column":6},"end":{"line":157,"column":35}},"41":{"start":{"line":160,"column":6},"end":{"line":160,"column":51}},"42":{"start":{"line":161,"column":6},"end":{"line":161,"column":36}},"43":{"start":{"line":165,"column":0},"end":{"line":165,"column":24}}},"fnMap":{"0":{"name":"(anonymous_0)","decl":{"start":{"line":7,"column":20},"end":{"line":7,"column":21}},"loc":{"start":{"line":7,"column":34},"end":{"line":9,"column":1}},"line":7},"1":{"name":"(anonymous_1)","decl":{"start":{"line":11,"column":28},"end":{"line":11,"column":29}},"loc":{"start":{"line":11,"column":42},"end":{"line":68,"column":1}},"line":11},"2":{"name":"(anonymous_2)","decl":{"start":{"line":58,"column":10},"end":{"line":58,"column":11}},"loc":{"start":{"line":58,"column":20},"end":{"line":64,"column":5}},"line":58},"3":{"name":"(anonymous_3)","decl":{"start":{"line":65,"column":11},"end":{"line":65,"column":12}},"loc":{"start":{"line":65,"column":20},"end":{"line":67,"column":5}},"line":65},"4":{"name":"(anonymous_4)","decl":{"start":{"line":70,"column":49},"end":{"line":70,"column":50}},"loc":{"start":{"line":70,"column":63},"end":{"line":113,"column":1}},"line":70},"5":{"name":"(anonymous_5)","decl":{"start":{"line":103,"column":10},"end":{"line":103,"column":11}},"loc":{"start":{"line":103,"column":20},"end":{"line":109,"column":5}},"line":103},"6":{"name":"(anonymous_6)","decl":{"start":{"line":110,"column":11},"end":{"line":110,"column":12}},"loc":{"start":{"line":110,"column":20},"end":{"line":112,"column":5}},"line":110},"7":{"name":"(anonymous_7)","decl":{"start":{"line":115,"column":29},"end":{"line":115,"column":30}},"loc":{"start":{"line":115,"column":43},"end":{"line":163,"column":1}},"line":115},"8":{"name":"(anonymous_8)","decl":{"start":{"line":152,"column":10},"end":{"line":152,"column":11}},"loc":{"start":{"line":152,"column":20},"end":{"line":158,"column":5}},"line":152},"9":{"name":"(anonymous_9)","decl":{"start":{"line":159,"column":11},"end":{"line":159,"column":12}},"loc":{"start":{"line":159,"column":22},"end":{"line":162,"column":5}},"line":159}},"branchMap":{"0":{"loc":{"start":{"line":16,"column":21},"end":{"line":16,"column":40}},"type":"binary-expr","locations":[{"start":{"line":16,"column":21},"end":{"line":16,"column":35}},{"start":{"line":16,"column":39},"end":{"line":16,"column":40}}],"line":16},"1":{"loc":{"start":{"line":17,"column":22},"end":{"line":17,"column":42}},"type":"binary-expr","locations":[{"start":{"line":17,"column":22},"end":{"line":17,"column":37}},{"start":{"line":17,"column":41},"end":{"line":17,"column":42}}],"line":17},"2":{"loc":{"start":{"line":59,"column":6},"end":{"line":61,"column":7}},"type":"if","locations":[{"start":{"line":59,"column":6},"end":{"line":61,"column":7}},{"start":{},"end":{}}],"line":59},"3":{"loc":{"start":{"line":80,"column":13},"end":{"line":80,"column":32}},"type":"binary-expr","locations":[{"start":{"line":80,"column":13},"end":{"line":80,"column":27}},{"start":{"line":80,"column":31},"end":{"line":80,"column":32}}],"line":80},"4":{"loc":{"start":{"line":81,"column":14},"end":{"line":81,"column":34}},"type":"binary-expr","locations":[{"start":{"line":81,"column":14},"end":{"line":81,"column":29}},{"start":{"line":81,"column":33},"end":{"line":81,"column":34}}],"line":81},"5":{"loc":{"start":{"line":104,"column":6},"end":{"line":106,"column":7}},"type":"if","locations":[{"start":{"line":104,"column":6},"end":{"line":106,"column":7}},{"start":{},"end":{}}],"line":104},"6":{"loc":{"start":{"line":153,"column":6},"end":{"line":155,"column":7}},"type":"if","locations":[{"start":{"line":153,"column":6},"end":{"line":155,"column":7}},{"start":{},"end":{}}],"line":153}},"s":{"0":1,"1":1,"2":1,"3":1,"4":0,"5":1,"6":2,"7":2,"8":2,"9":2,"10":2,"11":2,"12":0,"13":2,"14":2,"15":0,"16":1,"17":0,"18":0,"19":0,"20":0,"21":0,"22":0,"23":0,"24":0,"25":0,"26":1,"27":0,"28":0,"29":0,"30":0,"31":0,"32":0,"33":0,"34":0,"35":0,"36":0,"37":0,"38":0,"39":0,"40":0,"41":0,"42":0,"43":1},"f":{"0":0,"1":2,"2":2,"3":0,"4":0,"5":0,"6":0,"7":0,"8":0,"9":0},"b":{"0":[2,2],"1":[2,2],"2":[0,2],"3":[0,0],"4":[0,0],"5":[0,0],"6":[0,0]},"_coverageSchema":"1a1c01bbd47fc00a2c39e90264f33305004495a9","hash":"53314cd796ecc8b0340b012dfe692d5c5f7a4e9c"}
}
