{"/Users/stanleychu/questions-answers/App.js": {"path":"/Users/stanleychu/questions-answers/App.js","statementMap":{"0":{"start":{"line":1,"column":16},"end":{"line":1,"column":34}},"1":{"start":{"line":2,"column":12},"end":{"line":2,"column":21}},"2":{"start":{"line":3,"column":19},"end":{"line":3,"column":45}},"3":{"start":{"line":4,"column":15},"end":{"line":4,"column":37}},"4":{"start":{"line":5,"column":13},"end":{"line":5,"column":28}},"5":{"start":{"line":6,"column":19},"end":{"line":6,"column":41}},"6":{"start":{"line":10,"column":0},"end":{"line":10,"column":16}},"7":{"start":{"line":11,"column":0},"end":{"line":11,"column":52}},"8":{"start":{"line":12,"column":0},"end":{"line":12,"column":27}},"9":{"start":{"line":14,"column":0},"end":{"line":14,"column":48}},"10":{"start":{"line":16,"column":0},"end":{"line":16,"column":21}},"11":{"start":{"line":18,"column":0},"end":{"line":20,"column":3}},"12":{"start":{"line":19,"column":2},"end":{"line":19,"column":69}},"13":{"start":{"line":22,"column":0},"end":{"line":22,"column":21}}},"fnMap":{"0":{"name":"(anonymous_0)","decl":{"start":{"line":18,"column":17},"end":{"line":18,"column":18}},"loc":{"start":{"line":18,"column":23},"end":{"line":20,"column":1}},"line":18}},"branchMap":{},"s":{"0":1,"1":1,"2":1,"3":1,"4":1,"5":1,"6":1,"7":1,"8":1,"9":1,"10":1,"11":1,"12":1,"13":1},"f":{"0":1},"b":{},"_coverageSchema":"1a1c01bbd47fc00a2c39e90264f33305004495a9","hash":"e7bfed26b67a94f6ae8205681f4d7e0a8b477094"}
,"/Users/stanleychu/questions-answers/PostgreSQL.js": {"path":"/Users/stanleychu/questions-answers/PostgreSQL.js","statementMap":{"0":{"start":{"line":1,"column":19},"end":{"line":1,"column":32}},"1":{"start":{"line":3,"column":15},"end":{"line":9,"column":2}},"2":{"start":{"line":11,"column":0},"end":{"line":17,"column":3}},"3":{"start":{"line":12,"column":2},"end":{"line":16,"column":3}},"4":{"start":{"line":13,"column":4},"end":{"line":13,"column":57}},"5":{"start":{"line":15,"column":4},"end":{"line":15,"column":62}},"6":{"start":{"line":19,"column":0},"end":{"line":19,"column":24}}},"fnMap":{"0":{"name":"(anonymous_0)","decl":{"start":{"line":11,"column":15},"end":{"line":11,"column":16}},"loc":{"start":{"line":11,"column":24},"end":{"line":17,"column":1}},"line":11}},"branchMap":{"0":{"loc":{"start":{"line":12,"column":2},"end":{"line":16,"column":3}},"type":"if","locations":[{"start":{"line":12,"column":2},"end":{"line":16,"column":3}},{"start":{"line":14,"column":9},"end":{"line":16,"column":3}}],"line":12}},"s":{"0":1,"1":1,"2":1,"3":1,"4":0,"5":1,"6":1},"f":{"0":1},"b":{"0":[0,1]},"_coverageSchema":"1a1c01bbd47fc00a2c39e90264f33305004495a9","hash":"d6d9619a1f9a3eef4449bdf6edd39f7a6f3d382d"}
,"/Users/stanleychu/questions-answers/Routes.js": {"path":"/Users/stanleychu/questions-answers/Routes.js","statementMap":{"0":{"start":{"line":1,"column":16},"end":{"line":1,"column":34}},"1":{"start":{"line":2,"column":19},"end":{"line":2,"column":45}},"2":{"start":{"line":4,"column":15},"end":{"line":4,"column":31}},"3":{"start":{"line":7,"column":0},"end":{"line":9,"column":3}},"4":{"start":{"line":8,"column":2},"end":{"line":8,"column":47}},"5":{"start":{"line":11,"column":0},"end":{"line":65,"column":3}},"6":{"start":{"line":13,"column":19},"end":{"line":13,"column":39}},"7":{"start":{"line":14,"column":21},"end":{"line":14,"column":40}},"8":{"start":{"line":15,"column":22},"end":{"line":15,"column":42}},"9":{"start":{"line":17,"column":2},"end":{"line":64,"column":7}},"10":{"start":{"line":57,"column":6},"end":{"line":59,"column":7}},"11":{"start":{"line":58,"column":8},"end":{"line":58,"column":19}},"12":{"start":{"line":60,"column":6},"end":{"line":60,"column":47}},"13":{"start":{"line":63,"column":6},"end":{"line":63,"column":23}},"14":{"start":{"line":67,"column":0},"end":{"line":110,"column":3}},"15":{"start":{"line":74,"column":20},"end":{"line":74,"column":42}},"16":{"start":{"line":77,"column":13},"end":{"line":77,"column":32}},"17":{"start":{"line":78,"column":14},"end":{"line":78,"column":34}},"18":{"start":{"line":80,"column":2},"end":{"line":109,"column":7}},"19":{"start":{"line":101,"column":6},"end":{"line":103,"column":7}},"20":{"start":{"line":102,"column":8},"end":{"line":102,"column":19}},"21":{"start":{"line":104,"column":6},"end":{"line":104,"column":50}},"22":{"start":{"line":105,"column":6},"end":{"line":105,"column":47}},"23":{"start":{"line":108,"column":6},"end":{"line":108,"column":23}},"24":{"start":{"line":112,"column":0},"end":{"line":162,"column":3}},"25":{"start":{"line":115,"column":2},"end":{"line":115,"column":19}},"26":{"start":{"line":117,"column":19},"end":{"line":117,"column":46}},"27":{"start":{"line":119,"column":21},"end":{"line":119,"column":34}},"28":{"start":{"line":121,"column":13},"end":{"line":121,"column":23}},"29":{"start":{"line":122,"column":15},"end":{"line":122,"column":29}},"30":{"start":{"line":124,"column":15},"end":{"line":124,"column":28}},"31":{"start":{"line":125,"column":16},"end":{"line":125,"column":30}},"32":{"start":{"line":126,"column":19},"end":{"line":126,"column":20}},"33":{"start":{"line":127,"column":23},"end":{"line":127,"column":24}},"34":{"start":{"line":129,"column":2},"end":{"line":137,"column":4}},"35":{"start":{"line":148,"column":2},"end":{"line":161,"column":7}},"36":{"start":{"line":152,"column":6},"end":{"line":154,"column":7}},"37":{"start":{"line":153,"column":8},"end":{"line":153,"column":19}},"38":{"start":{"line":155,"column":6},"end":{"line":155,"column":49}},"39":{"start":{"line":156,"column":6},"end":{"line":156,"column":33}},"40":{"start":{"line":159,"column":6},"end":{"line":159,"column":51}},"41":{"start":{"line":160,"column":6},"end":{"line":160,"column":34}},"42":{"start":{"line":164,"column":0},"end":{"line":200,"column":3}},"43":{"start":{"line":165,"column":20},"end":{"line":165,"column":42}},"44":{"start":{"line":166,"column":30},"end":{"line":166,"column":38}},"45":{"start":{"line":167,"column":20},"end":{"line":167,"column":35}},"46":{"start":{"line":169,"column":2},"end":{"line":171,"column":3}},"47":{"start":{"line":170,"column":4},"end":{"line":170,"column":46}},"48":{"start":{"line":173,"column":13},"end":{"line":173,"column":23}},"49":{"start":{"line":174,"column":15},"end":{"line":174,"column":29}},"50":{"start":{"line":175,"column":19},"end":{"line":175,"column":20}},"51":{"start":{"line":176,"column":22},"end":{"line":176,"column":23}},"52":{"start":{"line":178,"column":2},"end":{"line":196,"column":7}},"53":{"start":{"line":186,"column":6},"end":{"line":188,"column":7}},"54":{"start":{"line":187,"column":8},"end":{"line":187,"column":19}},"55":{"start":{"line":190,"column":6},"end":{"line":190,"column":24}},"56":{"start":{"line":191,"column":6},"end":{"line":191,"column":33}},"57":{"start":{"line":194,"column":6},"end":{"line":194,"column":25}},"58":{"start":{"line":195,"column":6},"end":{"line":195,"column":34}},"59":{"start":{"line":202,"column":0},"end":{"line":217,"column":3}},"60":{"start":{"line":203,"column":20},"end":{"line":203,"column":42}},"61":{"start":{"line":205,"column":2},"end":{"line":216,"column":7}},"62":{"start":{"line":209,"column":6},"end":{"line":211,"column":7}},"63":{"start":{"line":210,"column":8},"end":{"line":210,"column":19}},"64":{"start":{"line":212,"column":6},"end":{"line":212,"column":33}},"65":{"start":{"line":215,"column":6},"end":{"line":215,"column":34}},"66":{"start":{"line":219,"column":0},"end":{"line":234,"column":3}},"67":{"start":{"line":220,"column":20},"end":{"line":220,"column":42}},"68":{"start":{"line":222,"column":2},"end":{"line":233,"column":7}},"69":{"start":{"line":226,"column":6},"end":{"line":228,"column":7}},"70":{"start":{"line":227,"column":8},"end":{"line":227,"column":19}},"71":{"start":{"line":229,"column":6},"end":{"line":229,"column":33}},"72":{"start":{"line":232,"column":6},"end":{"line":232,"column":34}},"73":{"start":{"line":236,"column":0},"end":{"line":251,"column":3}},"74":{"start":{"line":237,"column":18},"end":{"line":237,"column":38}},"75":{"start":{"line":239,"column":2},"end":{"line":250,"column":7}},"76":{"start":{"line":243,"column":6},"end":{"line":245,"column":7}},"77":{"start":{"line":244,"column":8},"end":{"line":244,"column":19}},"78":{"start":{"line":246,"column":6},"end":{"line":246,"column":33}},"79":{"start":{"line":249,"column":6},"end":{"line":249,"column":34}},"80":{"start":{"line":253,"column":0},"end":{"line":268,"column":3}},"81":{"start":{"line":254,"column":18},"end":{"line":254,"column":38}},"82":{"start":{"line":256,"column":2},"end":{"line":267,"column":7}},"83":{"start":{"line":260,"column":6},"end":{"line":262,"column":7}},"84":{"start":{"line":261,"column":8},"end":{"line":261,"column":19}},"85":{"start":{"line":263,"column":6},"end":{"line":263,"column":33}},"86":{"start":{"line":266,"column":6},"end":{"line":266,"column":34}},"87":{"start":{"line":270,"column":0},"end":{"line":270,"column":24}}},"fnMap":{"0":{"name":"(anonymous_0)","decl":{"start":{"line":7,"column":20},"end":{"line":7,"column":21}},"loc":{"start":{"line":7,"column":34},"end":{"line":9,"column":1}},"line":7},"1":{"name":"(anonymous_1)","decl":{"start":{"line":11,"column":28},"end":{"line":11,"column":29}},"loc":{"start":{"line":11,"column":42},"end":{"line":65,"column":1}},"line":11},"2":{"name":"(anonymous_2)","decl":{"start":{"line":56,"column":10},"end":{"line":56,"column":11}},"loc":{"start":{"line":56,"column":20},"end":{"line":61,"column":5}},"line":56},"3":{"name":"(anonymous_3)","decl":{"start":{"line":62,"column":11},"end":{"line":62,"column":12}},"loc":{"start":{"line":62,"column":20},"end":{"line":64,"column":5}},"line":62},"4":{"name":"(anonymous_4)","decl":{"start":{"line":67,"column":49},"end":{"line":67,"column":50}},"loc":{"start":{"line":67,"column":63},"end":{"line":110,"column":1}},"line":67},"5":{"name":"(anonymous_5)","decl":{"start":{"line":100,"column":10},"end":{"line":100,"column":11}},"loc":{"start":{"line":100,"column":20},"end":{"line":106,"column":5}},"line":100},"6":{"name":"(anonymous_6)","decl":{"start":{"line":107,"column":11},"end":{"line":107,"column":12}},"loc":{"start":{"line":107,"column":20},"end":{"line":109,"column":5}},"line":107},"7":{"name":"(anonymous_7)","decl":{"start":{"line":112,"column":29},"end":{"line":112,"column":30}},"loc":{"start":{"line":112,"column":43},"end":{"line":162,"column":1}},"line":112},"8":{"name":"(anonymous_8)","decl":{"start":{"line":151,"column":10},"end":{"line":151,"column":11}},"loc":{"start":{"line":151,"column":20},"end":{"line":157,"column":5}},"line":151},"9":{"name":"(anonymous_9)","decl":{"start":{"line":158,"column":11},"end":{"line":158,"column":12}},"loc":{"start":{"line":158,"column":22},"end":{"line":161,"column":5}},"line":158},"10":{"name":"(anonymous_10)","decl":{"start":{"line":164,"column":50},"end":{"line":164,"column":51}},"loc":{"start":{"line":164,"column":64},"end":{"line":200,"column":1}},"line":164},"11":{"name":"(anonymous_11)","decl":{"start":{"line":185,"column":10},"end":{"line":185,"column":11}},"loc":{"start":{"line":185,"column":20},"end":{"line":192,"column":5}},"line":185},"12":{"name":"(anonymous_12)","decl":{"start":{"line":193,"column":11},"end":{"line":193,"column":12}},"loc":{"start":{"line":193,"column":22},"end":{"line":196,"column":5}},"line":193},"13":{"name":"(anonymous_13)","decl":{"start":{"line":202,"column":49},"end":{"line":202,"column":50}},"loc":{"start":{"line":202,"column":63},"end":{"line":217,"column":1}},"line":202},"14":{"name":"(anonymous_14)","decl":{"start":{"line":208,"column":10},"end":{"line":208,"column":11}},"loc":{"start":{"line":208,"column":20},"end":{"line":213,"column":5}},"line":208},"15":{"name":"(anonymous_15)","decl":{"start":{"line":214,"column":11},"end":{"line":214,"column":12}},"loc":{"start":{"line":214,"column":22},"end":{"line":216,"column":5}},"line":214},"16":{"name":"(anonymous_16)","decl":{"start":{"line":219,"column":48},"end":{"line":219,"column":49}},"loc":{"start":{"line":219,"column":62},"end":{"line":234,"column":1}},"line":219},"17":{"name":"(anonymous_17)","decl":{"start":{"line":225,"column":10},"end":{"line":225,"column":11}},"loc":{"start":{"line":225,"column":20},"end":{"line":230,"column":5}},"line":225},"18":{"name":"(anonymous_18)","decl":{"start":{"line":231,"column":11},"end":{"line":231,"column":12}},"loc":{"start":{"line":231,"column":22},"end":{"line":233,"column":5}},"line":231},"19":{"name":"(anonymous_19)","decl":{"start":{"line":236,"column":45},"end":{"line":236,"column":46}},"loc":{"start":{"line":236,"column":59},"end":{"line":251,"column":1}},"line":236},"20":{"name":"(anonymous_20)","decl":{"start":{"line":242,"column":10},"end":{"line":242,"column":11}},"loc":{"start":{"line":242,"column":20},"end":{"line":247,"column":5}},"line":242},"21":{"name":"(anonymous_21)","decl":{"start":{"line":248,"column":11},"end":{"line":248,"column":12}},"loc":{"start":{"line":248,"column":22},"end":{"line":250,"column":5}},"line":248},"22":{"name":"(anonymous_22)","decl":{"start":{"line":253,"column":44},"end":{"line":253,"column":45}},"loc":{"start":{"line":253,"column":58},"end":{"line":268,"column":1}},"line":253},"23":{"name":"(anonymous_23)","decl":{"start":{"line":259,"column":10},"end":{"line":259,"column":11}},"loc":{"start":{"line":259,"column":20},"end":{"line":264,"column":5}},"line":259},"24":{"name":"(anonymous_24)","decl":{"start":{"line":265,"column":11},"end":{"line":265,"column":12}},"loc":{"start":{"line":265,"column":22},"end":{"line":267,"column":5}},"line":265}},"branchMap":{"0":{"loc":{"start":{"line":14,"column":21},"end":{"line":14,"column":40}},"type":"binary-expr","locations":[{"start":{"line":14,"column":21},"end":{"line":14,"column":35}},{"start":{"line":14,"column":39},"end":{"line":14,"column":40}}],"line":14},"1":{"loc":{"start":{"line":15,"column":22},"end":{"line":15,"column":42}},"type":"binary-expr","locations":[{"start":{"line":15,"column":22},"end":{"line":15,"column":37}},{"start":{"line":15,"column":41},"end":{"line":15,"column":42}}],"line":15},"2":{"loc":{"start":{"line":57,"column":6},"end":{"line":59,"column":7}},"type":"if","locations":[{"start":{"line":57,"column":6},"end":{"line":59,"column":7}},{"start":{},"end":{}}],"line":57},"3":{"loc":{"start":{"line":77,"column":13},"end":{"line":77,"column":32}},"type":"binary-expr","locations":[{"start":{"line":77,"column":13},"end":{"line":77,"column":27}},{"start":{"line":77,"column":31},"end":{"line":77,"column":32}}],"line":77},"4":{"loc":{"start":{"line":78,"column":14},"end":{"line":78,"column":34}},"type":"binary-expr","locations":[{"start":{"line":78,"column":14},"end":{"line":78,"column":29}},{"start":{"line":78,"column":33},"end":{"line":78,"column":34}}],"line":78},"5":{"loc":{"start":{"line":101,"column":6},"end":{"line":103,"column":7}},"type":"if","locations":[{"start":{"line":101,"column":6},"end":{"line":103,"column":7}},{"start":{},"end":{}}],"line":101},"6":{"loc":{"start":{"line":152,"column":6},"end":{"line":154,"column":7}},"type":"if","locations":[{"start":{"line":152,"column":6},"end":{"line":154,"column":7}},{"start":{},"end":{}}],"line":152},"7":{"loc":{"start":{"line":169,"column":2},"end":{"line":171,"column":3}},"type":"if","locations":[{"start":{"line":169,"column":2},"end":{"line":171,"column":3}},{"start":{},"end":{}}],"line":169},"8":{"loc":{"start":{"line":186,"column":6},"end":{"line":188,"column":7}},"type":"if","locations":[{"start":{"line":186,"column":6},"end":{"line":188,"column":7}},{"start":{},"end":{}}],"line":186},"9":{"loc":{"start":{"line":209,"column":6},"end":{"line":211,"column":7}},"type":"if","locations":[{"start":{"line":209,"column":6},"end":{"line":211,"column":7}},{"start":{},"end":{}}],"line":209},"10":{"loc":{"start":{"line":226,"column":6},"end":{"line":228,"column":7}},"type":"if","locations":[{"start":{"line":226,"column":6},"end":{"line":228,"column":7}},{"start":{},"end":{}}],"line":226},"11":{"loc":{"start":{"line":243,"column":6},"end":{"line":245,"column":7}},"type":"if","locations":[{"start":{"line":243,"column":6},"end":{"line":245,"column":7}},{"start":{},"end":{}}],"line":243},"12":{"loc":{"start":{"line":260,"column":6},"end":{"line":262,"column":7}},"type":"if","locations":[{"start":{"line":260,"column":6},"end":{"line":262,"column":7}},{"start":{},"end":{}}],"line":260}},"s":{"0":1,"1":1,"2":1,"3":1,"4":0,"5":1,"6":11,"7":11,"8":11,"9":11,"10":11,"11":0,"12":11,"13":0,"14":1,"15":8,"16":8,"17":8,"18":8,"19":8,"20":0,"21":8,"22":8,"23":0,"24":1,"25":1,"26":1,"27":1,"28":1,"29":1,"30":1,"31":1,"32":1,"33":1,"34":1,"35":1,"36":1,"37":0,"38":1,"39":1,"40":0,"41":0,"42":1,"43":1,"44":1,"45":1,"46":1,"47":1,"48":1,"49":1,"50":1,"51":1,"52":1,"53":1,"54":0,"55":1,"56":1,"57":0,"58":0,"59":1,"60":1,"61":1,"62":1,"63":0,"64":1,"65":0,"66":1,"67":1,"68":1,"69":1,"70":0,"71":1,"72":0,"73":1,"74":1,"75":1,"76":1,"77":0,"78":1,"79":0,"80":1,"81":1,"82":1,"83":1,"84":0,"85":1,"86":0,"87":1},"f":{"0":0,"1":11,"2":11,"3":0,"4":8,"5":8,"6":0,"7":1,"8":1,"9":0,"10":1,"11":1,"12":0,"13":1,"14":1,"15":0,"16":1,"17":1,"18":0,"19":1,"20":1,"21":0,"22":1,"23":1,"24":0},"b":{"0":[11,11],"1":[11,11],"2":[0,11],"3":[8,8],"4":[8,8],"5":[0,8],"6":[0,1],"7":[1,0],"8":[0,1],"9":[0,1],"10":[0,1],"11":[0,1],"12":[0,1]},"_coverageSchema":"1a1c01bbd47fc00a2c39e90264f33305004495a9","hash":"62d3b2e9e3843165dde95d3b15684c33e863b45f"}
}
