TN:
SF:App.js
FN:18,(anonymous_0)
FNF:1
FNH:1
FNDA:1,(anonymous_0)
DA:1,1
DA:2,1
DA:3,1
DA:4,1
DA:5,1
DA:6,1
DA:10,1
DA:11,1
DA:12,1
DA:14,1
DA:16,1
DA:18,1
DA:19,1
DA:22,1
LF:14
LH:14
BRF:0
BRH:0
end_of_record
TN:
SF:PostgreSQL.js
FN:11,(anonymous_0)
FNF:1
FNH:1
FNDA:1,(anonymous_0)
DA:1,1
DA:3,1
DA:11,1
DA:12,1
DA:13,0
DA:15,1
DA:19,1
LF:7
LH:6
BRDA:12,0,0,0
BRDA:12,0,1,1
BRF:2
BRH:1
end_of_record
TN:
SF:Routes.js
FN:7,(anonymous_0)
FN:11,(anonymous_1)
FN:56,(anonymous_2)
FN:62,(anonymous_3)
FN:67,(anonymous_4)
FN:100,(anonymous_5)
FN:107,(anonymous_6)
FN:112,(anonymous_7)
FN:151,(anonymous_8)
FN:158,(anonymous_9)
FN:164,(anonymous_10)
FN:185,(anonymous_11)
FN:193,(anonymous_12)
FN:202,(anonymous_13)
FN:208,(anonymous_14)
FN:214,(anonymous_15)
FN:219,(anonymous_16)
FN:225,(anonymous_17)
FN:231,(anonymous_18)
FN:236,(anonymous_19)
FN:242,(anonymous_20)
FN:248,(anonymous_21)
FN:253,(anonymous_22)
FN:259,(anonymous_23)
FN:265,(anonymous_24)
FNF:25
FNH:16
FNDA:0,(anonymous_0)
FNDA:11,(anonymous_1)
FNDA:11,(anonymous_2)
FNDA:0,(anonymous_3)
FNDA:8,(anonymous_4)
FNDA:8,(anonymous_5)
FNDA:0,(anonymous_6)
FNDA:1,(anonymous_7)
FNDA:1,(anonymous_8)
FNDA:0,(anonymous_9)
FNDA:1,(anonymous_10)
FNDA:1,(anonymous_11)
FNDA:0,(anonymous_12)
FNDA:1,(anonymous_13)
FNDA:1,(anonymous_14)
FNDA:0,(anonymous_15)
FNDA:1,(anonymous_16)
FNDA:1,(anonymous_17)
FNDA:0,(anonymous_18)
FNDA:1,(anonymous_19)
FNDA:1,(anonymous_20)
FNDA:0,(anonymous_21)
FNDA:1,(anonymous_22)
FNDA:1,(anonymous_23)
FNDA:0,(anonymous_24)
DA:1,1
DA:2,1
DA:4,1
DA:7,1
DA:8,0
DA:11,1
DA:13,11
DA:14,11
DA:15,11
DA:17,11
DA:57,11
DA:58,0
DA:60,11
DA:63,0
DA:67,1
DA:74,8
DA:77,8
DA:78,8
DA:80,8
DA:101,8
DA:102,0
DA:104,8
DA:105,8
DA:108,0
DA:112,1
DA:115,1
DA:117,1
DA:119,1
DA:121,1
DA:122,1
DA:124,1
DA:125,1
DA:126,1
DA:127,1
DA:129,1
DA:148,1
DA:152,1
DA:153,0
DA:155,1
DA:156,1
DA:159,0
DA:160,0
DA:164,1
DA:165,1
DA:166,1
DA:167,1
DA:169,1
DA:170,1
DA:173,1
DA:174,1
DA:175,1
DA:176,1
DA:178,1
DA:186,1
DA:187,0
DA:190,1
DA:191,1
DA:194,0
DA:195,0
DA:202,1
DA:203,1
DA:205,1
DA:209,1
DA:210,0
DA:212,1
DA:215,0
DA:219,1
DA:220,1
DA:222,1
DA:226,1
DA:227,0
DA:229,1
DA:232,0
DA:236,1
DA:237,1
DA:239,1
DA:243,1
DA:244,0
DA:246,1
DA:249,0
DA:253,1
DA:254,1
DA:256,1
DA:260,1
DA:261,0
DA:263,1
DA:266,0
DA:270,1
LF:88
LH:69
BRDA:14,0,0,11
BRDA:14,0,1,11
BRDA:15,1,0,11
BRDA:15,1,1,11
BRDA:57,2,0,0
BRDA:57,2,1,11
BRDA:77,3,0,8
BRDA:77,3,1,8
BRDA:78,4,0,8
BRDA:78,4,1,8
BRDA:101,5,0,0
BRDA:101,5,1,8
BRDA:152,6,0,0
BRDA:152,6,1,1
BRDA:169,7,0,1
BRDA:169,7,1,0
BRDA:186,8,0,0
BRDA:186,8,1,1
BRDA:209,9,0,0
BRDA:209,9,1,1
BRDA:226,10,0,0
BRDA:226,10,1,1
BRDA:243,11,0,0
BRDA:243,11,1,1
BRDA:260,12,0,0
BRDA:260,12,1,1
BRF:26
BRH:17
end_of_record
