TN:
SF:App.js
FN:13,(anonymous_0)
FNF:1
FNH:1
FNDA:1,(anonymous_0)
DA:1,1
DA:2,1
DA:3,1
DA:4,1
DA:5,1
DA:8,1
DA:9,1
DA:11,1
DA:13,1
DA:14,1
DA:17,1
LF:11
LH:11
BRF:0
BRH:0
end_of_record
TN:
SF:PostgreSQL.js
FN:11,(anonymous_0)
FNF:1
FNH:1
FNDA:1,(anonymous_0)
DA:1,1
DA:3,1
DA:11,1
DA:12,1
DA:13,0
DA:15,1
DA:19,1
LF:7
LH:6
BRDA:12,0,0,0
BRDA:12,0,1,1
BRF:2
BRH:1
end_of_record
TN:
SF:Routes.js
FN:7,(anonymous_0)
FN:11,(anonymous_1)
FN:58,(anonymous_2)
FN:65,(anonymous_3)
FN:70,(anonymous_4)
FN:103,(anonymous_5)
FN:110,(anonymous_6)
FN:115,(anonymous_7)
FN:152,(anonymous_8)
FN:159,(anonymous_9)
FNF:10
FNH:2
FNDA:0,(anonymous_0)
FNDA:2,(anonymous_1)
FNDA:2,(anonymous_2)
FNDA:0,(anonymous_3)
FNDA:0,(anonymous_4)
FNDA:0,(anonymous_5)
FNDA:0,(anonymous_6)
FNDA:0,(anonymous_7)
FNDA:0,(anonymous_8)
FNDA:0,(anonymous_9)
DA:1,1
DA:2,1
DA:4,1
DA:7,1
DA:8,0
DA:11,1
DA:12,2
DA:15,2
DA:16,2
DA:17,2
DA:19,2
DA:59,2
DA:60,0
DA:62,2
DA:63,2
DA:66,0
DA:70,1
DA:77,0
DA:80,0
DA:81,0
DA:83,0
DA:104,0
DA:105,0
DA:107,0
DA:108,0
DA:111,0
DA:115,1
DA:118,0
DA:120,0
DA:122,0
DA:123,0
DA:125,0
DA:126,0
DA:127,0
DA:128,0
DA:130,0
DA:149,0
DA:153,0
DA:154,0
DA:156,0
DA:157,0
DA:160,0
DA:161,0
DA:165,1
LF:44
LH:16
BRDA:16,0,0,2
BRDA:16,0,1,2
BRDA:17,1,0,2
BRDA:17,1,1,2
BRDA:59,2,0,0
BRDA:59,2,1,2
BRDA:80,3,0,0
BRDA:80,3,1,0
BRDA:81,4,0,0
BRDA:81,4,1,0
BRDA:104,5,0,0
BRDA:104,5,1,0
BRDA:153,6,0,0
BRDA:153,6,1,0
BRF:14
BRH:5
end_of_record
